mode: set
github.com/Kennedy/bookings/internal/render/render.go:23.40,25.2 1 1
github.com/Kennedy/bookings/internal/render/render.go:27.84,33.2 5 1
github.com/Kennedy/bookings/internal/render/render.go:35.105,38.18 2 1
github.com/Kennedy/bookings/internal/render/render.go:45.2,46.9 2 1
github.com/Kennedy/bookings/internal/render/render.go:51.2,57.16 5 1
github.com/Kennedy/bookings/internal/render/render.go:62.2,62.12 1 1
github.com/Kennedy/bookings/internal/render/render.go:38.18,40.3 1 0
github.com/Kennedy/bookings/internal/render/render.go:40.8,42.3 1 1
github.com/Kennedy/bookings/internal/render/render.go:46.9,49.3 2 1
github.com/Kennedy/bookings/internal/render/render.go:57.16,60.3 2 0
github.com/Kennedy/bookings/internal/render/render.go:66.67,70.16 3 1
github.com/Kennedy/bookings/internal/render/render.go:74.2,74.29 1 1
github.com/Kennedy/bookings/internal/render/render.go:97.2,97.21 1 1
github.com/Kennedy/bookings/internal/render/render.go:70.16,72.3 1 0
github.com/Kennedy/bookings/internal/render/render.go:74.29,78.17 3 1
github.com/Kennedy/bookings/internal/render/render.go:82.3,83.17 2 1
github.com/Kennedy/bookings/internal/render/render.go:87.3,87.23 1 1
github.com/Kennedy/bookings/internal/render/render.go:94.3,94.21 1 1
github.com/Kennedy/bookings/internal/render/render.go:78.17,80.4 1 0
github.com/Kennedy/bookings/internal/render/render.go:83.17,85.4 1 0
github.com/Kennedy/bookings/internal/render/render.go:87.23,89.18 2 1
github.com/Kennedy/bookings/internal/render/render.go:89.18,91.5 1 0
